  Mesh2D.cpp
Z:\Programming\Gradient\Gradient\src\Gradient\Rendering\Model\Mesh2D.h(21,33): warning C4251: 'Gradient::Mesh2D::vertices': class 'std::vector<Gradient::Vertex2D,std::allocator<Gradient::Vertex2D>>' needs to have dll-interface to be used by clients of class 'Gradient::Mesh2D'
Z:\Programming\Gradient\Gradient\src\Gradient\Rendering\Model\Mesh2D.h(21): message : see declaration of 'std::vector<Gradient::Vertex2D,std::allocator<Gradient::Vertex2D>>'
Z:\Programming\Gradient\Gradient\src\Gradient\Rendering\Model\Mesh2D.h(22,36): warning C4251: 'Gradient::Mesh2D::indices': class 'std::vector<unsigned int,std::allocator<unsigned int>>' needs to have dll-interface to be used by clients of class 'Gradient::Mesh2D'
Z:\Programming\Gradient\Gradient\src\Gradient\Rendering\Model\Mesh2D.h(22): message : see declaration of 'std::vector<unsigned int,std::allocator<unsigned int>>'
Z:\Programming\Gradient\Gradient\src\Gradient\Rendering\Model\Mesh2D.h(23,18): warning C4251: 'Gradient::Mesh2D::texture': struct 'Gradient::Texture' needs to have dll-interface to be used by clients of class 'Gradient::Mesh2D'
Z:\Programming\Gradient\Gradient\src\Gradient\Rendering\Texture.h(16): message : see declaration of 'Gradient::Texture'
Z:\Programming\Gradient\Gradient\src\Gradient\Rendering\Model\Mesh2D.cpp(48,79): warning C4267: 'argument': conversion from 'size_t' to 'GLsizei', possible loss of data
  Mesh3D.cpp
Z:\Programming\Gradient\Gradient\src\Gradient\Rendering\Model\Mesh3D.h(22,33): warning C4251: 'Gradient::Mesh3D::vertices': class 'std::vector<Gradient::Vertex3D,std::allocator<Gradient::Vertex3D>>' needs to have dll-interface to be used by clients of class 'Gradient::Mesh3D'
Z:\Programming\Gradient\Gradient\src\Gradient\Rendering\Model\Mesh3D.h(22): message : see declaration of 'std::vector<Gradient::Vertex3D,std::allocator<Gradient::Vertex3D>>'
Z:\Programming\Gradient\Gradient\src\Gradient\Rendering\Model\Mesh3D.h(23,36): warning C4251: 'Gradient::Mesh3D::indices': class 'std::vector<unsigned int,std::allocator<unsigned int>>' needs to have dll-interface to be used by clients of class 'Gradient::Mesh3D'
Z:\Programming\Gradient\Gradient\src\Gradient\Rendering\Model\Mesh3D.h(23): message : see declaration of 'std::vector<unsigned int,std::allocator<unsigned int>>'
Z:\Programming\Gradient\Gradient\src\Gradient\Rendering\Model\Mesh3D.cpp(58,79): warning C4267: 'argument': conversion from 'size_t' to 'GLsizei', possible loss of data
  Shader.cpp
Z:\Programming\Gradient\Gradient\src\Gradient\Core\Log.h(21,52): warning C4251: 'Gradient::Log::coreLogger': class 'std::shared_ptr<spdlog::logger>' needs to have dll-interface to be used by clients of class 'Gradient::Log'
Z:\Programming\Gradient\Gradient\vendor\spdlog\include\spdlog\details\registry.h(34): message : see declaration of 'std::shared_ptr<spdlog::logger>'
Z:\Programming\Gradient\Gradient\src\Gradient\Core\Log.h(23,54): warning C4251: 'Gradient::Log::clientLogger': class 'std::shared_ptr<spdlog::logger>' needs to have dll-interface to be used by clients of class 'Gradient::Log'
Z:\Programming\Gradient\Gradient\vendor\spdlog\include\spdlog\details\registry.h(34): message : see declaration of 'std::shared_ptr<spdlog::logger>'
  Scope.cpp
  Generating Code...
     Creating library ..\bin\Debug-windows-x86_64\Gradient\Gradient.lib and object ..\bin\Debug-windows-x86_64\Gradient\Gradient.exp
  Gradient.vcxproj -> Z:\Programming\Gradient\bin\Debug-windows-x86_64\Gradient\Gradient.dll
